2026-05-25T17:48:48.692-05:00  INFO 23788 --- [Mundial2026] [main] com.mundial.hub.HubApplication           : Starting HubApplication using Java 21.0.3 with PID 23788 (C:\Users\dsuar\OneDrive\Escritorio\ProyectoMundialHUB\Mundial2026\target\classes started by dsuar in C:\Users\dsuar\OneDrive\Escritorio\ProyectoMundialHUB\Mundial2026)
2026-05-25T17:48:48.709-05:00  INFO 23788 --- [Mundial2026] [main] com.mundial.hub.HubApplication           : No active profile set, falling back to 1 default profile: "default"
2026-05-25T17:48:50.941-05:00  INFO 23788 --- [Mundial2026] [main] .s.d.r.c.RepositoryConfigurationDelegate : Bootstrapping Spring Data JPA repositories in DEFAULT mode.
2026-05-25T17:48:51.062-05:00  INFO 23788 --- [Mundial2026] [main] .s.d.r.c.RepositoryConfigurationDelegate : Finished Spring Data repository scanning in 106 ms. Found 9 JPA repository interfaces.
2026-05-25T17:48:52.086-05:00  INFO 23788 --- [Mundial2026] [main] o.s.b.w.embedded.tomcat.TomcatWebServer  : Tomcat initialized with port 8081 (http)
2026-05-25T17:48:52.107-05:00  INFO 23788 --- [Mundial2026] [main] o.apache.catalina.core.StandardService   : Starting service [Tomcat]
2026-05-25T17:48:52.107-05:00  INFO 23788 --- [Mundial2026] [main] o.apache.catalina.core.StandardEngine    : Starting Servlet engine: [Apache Tomcat/10.1.20]
2026-05-25T17:48:52.212-05:00  INFO 23788 --- [Mundial2026] [main] o.a.c.c.C.[Tomcat].[localhost].[/]       : Initializing Spring embedded WebApplicationContext
2026-05-25T17:48:52.213-05:00  INFO 23788 --- [Mundial2026] [main] w.s.c.ServletWebServerApplicationContext : Root WebApplicationContext: initialization completed in 3431 ms
2026-05-25T17:48:52.416-05:00  INFO 23788 --- [Mundial2026] [main] com.zaxxer.hikari.HikariDataSource       : HikariPool-1 - Starting...
2026-05-25T17:48:52.779-05:00  INFO 23788 --- [Mundial2026] [main] com.zaxxer.hikari.pool.HikariPool        : HikariPool-1 - Added connection org.postgresql.jdbc.PgConnection@7d66a126
2026-05-25T17:48:52.783-05:00  INFO 23788 --- [Mundial2026] [main] com.zaxxer.hikari.HikariDataSource       : HikariPool-1 - Start completed.
2026-05-25T17:48:52.921-05:00  INFO 23788 --- [Mundial2026] [main] o.f.c.internal.license.VersionPrinter    : Flyway Community Edition 9.22.3 by Redgate
2026-05-25T17:48:52.921-05:00  INFO 23788 --- [Mundial2026] [main] o.f.c.internal.license.VersionPrinter    : See release notes here: https://rd.gt/416ObMi
2026-05-25T17:48:52.921-05:00  INFO 23788 --- [Mundial2026] [main] o.f.c.internal.license.VersionPrinter    : 
2026-05-25T17:48:52.945-05:00  INFO 23788 --- [Mundial2026] [main] org.flywaydb.core.FlywayExecutor         : Database: jdbc:postgresql://localhost:5432/mundialhub (PostgreSQL 18.3)
2026-05-25T17:48:52.958-05:00  WARN 23788 --- [Mundial2026] [main] o.f.c.internal.database.base.Database    : Flyway upgrade recommended: PostgreSQL 18.3 is newer than this version of Flyway and support has not been tested. The latest supported version of PostgreSQL is 15.
2026-05-25T17:48:53.020-05:00  INFO 23788 --- [Mundial2026] [main] o.f.core.internal.command.DbValidate     : Successfully validated 1 migration (execution time 00:00.047s)
2026-05-25T17:48:53.036-05:00  INFO 23788 --- [Mundial2026] [main] o.f.core.internal.command.DbMigrate      : Current version of schema "public": 1
2026-05-25T17:48:53.036-05:00  WARN 23788 --- [Mundial2026] [main] o.f.core.internal.command.DbMigrate      : outOfOrder mode is active. Migration of schema "public" may not be reproducible.
2026-05-25T17:48:53.040-05:00  INFO 23788 --- [Mundial2026] [main] o.f.core.internal.command.DbMigrate      : Schema "public" is up to date. No migration necessary.
2026-05-25T17:48:53.193-05:00  INFO 23788 --- [Mundial2026] [main] o.hibernate.jpa.internal.util.LogHelper  : HHH000204: Processing PersistenceUnitInfo [name: default]
2026-05-25T17:48:53.335-05:00  INFO 23788 --- [Mundial2026] [main] org.hibernate.Version                    : HHH000412: Hibernate ORM core version 6.4.4.Final
2026-05-25T17:48:53.427-05:00  INFO 23788 --- [Mundial2026] [main] o.h.c.internal.RegionFactoryInitiator    : HHH000026: Second-level cache disabled
2026-05-25T17:48:53.883-05:00  INFO 23788 --- [Mundial2026] [main] o.s.o.j.p.SpringPersistenceUnitInfo      : No LoadTimeWeaver setup: ignoring JPA class transformer
2026-05-25T17:48:55.703-05:00  INFO 23788 --- [Mundial2026] [main] o.h.e.t.j.p.i.JtaPlatformInitiator       : HHH000489: No JTA platform available (set 'hibernate.transaction.jta.platform' to enable JTA platform integration)
2026-05-25T17:48:55.947-05:00  INFO 23788 --- [Mundial2026] [main] j.LocalContainerEntityManagerFactoryBean : Initialized JPA EntityManagerFactory for persistence unit 'default'
2026-05-25T17:48:56.741-05:00  WARN 23788 --- [Mundial2026] [main] JpaBaseConfiguration$JpaWebConfiguration : spring.jpa.open-in-view is enabled by default. Therefore, database queries may be performed during view rendering. Explicitly configure spring.jpa.open-in-view to disable this warning
2026-05-25T17:48:56.867-05:00  INFO 23788 --- [Mundial2026] [main] o.s.b.a.w.s.WelcomePageHandlerMapping    : Adding welcome page: class path resource [static/index.html]
2026-05-25T17:48:57.170-05:00  INFO 23788 --- [Mundial2026] [main] o.s.s.web.DefaultSecurityFilterChain     : Will secure any request with [org.springframework.security.web.session.DisableEncodeUrlFilter@8fd3eee, org.springframework.security.web.context.request.async.WebAsyncManagerIntegrationFilter@d9ff1cd, org.springframework.security.web.context.SecurityContextHolderFilter@52d625bd, org.springframework.security.web.header.HeaderWriterFilter@73983f07, org.springframework.web.filter.CorsFilter@2c64ee53, org.springframework.security.web.authentication.logout.LogoutFilter@52811dc1, org.springframework.security.web.authentication.UsernamePasswordAuthenticationFilter@651a399, org.springframework.security.web.savedrequest.RequestCacheAwareFilter@3bd7829b, org.springframework.security.web.servletapi.SecurityContextHolderAwareRequestFilter@4faccb34, org.springframework.security.web.authentication.AnonymousAuthenticationFilter@77c7d3f4, org.springframework.security.web.access.ExceptionTranslationFilter@174da9a0, org.springframework.security.web.access.intercept.AuthorizationFilter@5946e540]
2026-05-25T17:48:57.617-05:00  INFO 23788 --- [Mundial2026] [main] o.s.b.w.embedded.tomcat.TomcatWebServer  : Tomcat started on port 8081 (http) with context path ''
2026-05-25T17:48:57.630-05:00  INFO 23788 --- [Mundial2026] [main] com.mundial.hub.HubApplication           : Started HubApplication in 9.558 seconds (process running for 10.495)
2026-05-25T17:53:59.714-05:00  INFO 23788 --- [Mundial2026] [RMI TCP Connection(8)-127.0.0.1] inMXBeanRegistrar$SpringApplicationAdmin : Application shutdown requested.
2026-05-25T17:53:59.727-05:00  INFO 23788 --- [Mundial2026] [RMI TCP Connection(8)-127.0.0.1] j.LocalContainerEntityManagerFactoryBean : Closing JPA EntityManagerFactory for persistence unit 'default'
2026-05-25T17:53:59.729-05:00  INFO 23788 --- [Mundial2026] [RMI TCP Connection(8)-127.0.0.1] com.zaxxer.hikari.HikariDataSource       : HikariPool-1 - Shutdown initiated...
2026-05-25T17:53:59.738-05:00  INFO 23788 --- [Mundial2026] [RMI TCP Connection(8)-127.0.0.1] com.zaxxer.hikari.HikariDataSource       : HikariPool-1 - Shutdown completed.
2026-05-25T17:55:58.210-05:00  INFO 3856 --- [Mundial2026] [main] com.mundial.hub.HubApplication           : Starting HubApplication using Java 21.0.3 with PID 3856 (C:\Users\dsuar\OneDrive\Escritorio\ProyectoMundialHUB\Mundial2026\target\classes started by dsuar in C:\Users\dsuar\OneDrive\Escritorio\ProyectoMundialHUB\Mundial2026)
2026-05-25T17:55:58.213-05:00  INFO 3856 --- [Mundial2026] [main] com.mundial.hub.HubApplication           : No active profile set, falling back to 1 default profile: "default"
2026-05-25T17:55:59.172-05:00  INFO 3856 --- [Mundial2026] [main] .s.d.r.c.RepositoryConfigurationDelegate : Bootstrapping Spring Data JPA repositories in DEFAULT mode.
2026-05-25T17:55:59.267-05:00  INFO 3856 --- [Mundial2026] [main] .s.d.r.c.RepositoryConfigurationDelegate : Finished Spring Data repository scanning in 84 ms. Found 9 JPA repository interfaces.
2026-05-25T17:55:59.940-05:00  INFO 3856 --- [Mundial2026] [main] o.s.b.w.embedded.tomcat.TomcatWebServer  : Tomcat initialized with port 8081 (http)
2026-05-25T17:55:59.955-05:00  INFO 3856 --- [Mundial2026] [main] o.apache.catalina.core.StandardService   : Starting service [Tomcat]
2026-05-25T17:55:59.955-05:00  INFO 3856 --- [Mundial2026] [main] o.apache.catalina.core.StandardEngine    : Starting Servlet engine: [Apache Tomcat/10.1.20]
2026-05-25T17:56:00.036-05:00  INFO 3856 --- [Mundial2026] [main] o.a.c.c.C.[Tomcat].[localhost].[/]       : Initializing Spring embedded WebApplicationContext
2026-05-25T17:56:00.036-05:00  INFO 3856 --- [Mundial2026] [main] w.s.c.ServletWebServerApplicationContext : Root WebApplicationContext: initialization completed in 1772 ms
2026-05-25T17:56:00.164-05:00  INFO 3856 --- [Mundial2026] [main] com.zaxxer.hikari.HikariDataSource       : HikariPool-1 - Starting...
2026-05-25T17:56:00.353-05:00  INFO 3856 --- [Mundial2026] [main] com.zaxxer.hikari.pool.HikariPool        : HikariPool-1 - Added connection org.postgresql.jdbc.PgConnection@58c42c8c
2026-05-25T17:56:00.355-05:00  INFO 3856 --- [Mundial2026] [main] com.zaxxer.hikari.HikariDataSource       : HikariPool-1 - Start completed.
2026-05-25T17:56:00.438-05:00  INFO 3856 --- [Mundial2026] [main] o.f.c.internal.license.VersionPrinter    : Flyway Community Edition 9.22.3 by Redgate
2026-05-25T17:56:00.439-05:00  INFO 3856 --- [Mundial2026] [main] o.f.c.internal.license.VersionPrinter    : See release notes here: https://rd.gt/416ObMi
2026-05-25T17:56:00.439-05:00  INFO 3856 --- [Mundial2026] [main] o.f.c.internal.license.VersionPrinter    : 
2026-05-25T17:56:00.460-05:00  INFO 3856 --- [Mundial2026] [main] org.flywaydb.core.FlywayExecutor         : Database: jdbc:postgresql://localhost:5432/mundialhub (PostgreSQL 18.3)
2026-05-25T17:56:00.472-05:00  WARN 3856 --- [Mundial2026] [main] o.f.c.internal.database.base.Database    : Flyway upgrade recommended: PostgreSQL 18.3 is newer than this version of Flyway and support has not been tested. The latest supported version of PostgreSQL is 15.
2026-05-25T17:56:00.526-05:00  INFO 3856 --- [Mundial2026] [main] o.f.core.internal.command.DbValidate     : Successfully validated 1 migration (execution time 00:00.036s)
2026-05-25T17:56:00.617-05:00  INFO 3856 --- [Mundial2026] [main] o.f.core.internal.command.DbMigrate      : Current version of schema "public": 1
2026-05-25T17:56:00.618-05:00  WARN 3856 --- [Mundial2026] [main] o.f.core.internal.command.DbMigrate      : outOfOrder mode is active. Migration of schema "public" may not be reproducible.
2026-05-25T17:56:00.621-05:00  INFO 3856 --- [Mundial2026] [main] o.f.core.internal.command.DbMigrate      : Schema "public" is up to date. No migration necessary.
2026-05-25T17:56:00.745-05:00  INFO 3856 --- [Mundial2026] [main] o.hibernate.jpa.internal.util.LogHelper  : HHH000204: Processing PersistenceUnitInfo [name: default]
2026-05-25T17:56:00.827-05:00  INFO 3856 --- [Mundial2026] [main] org.hibernate.Version                    : HHH000412: Hibernate ORM core version 6.4.4.Final
2026-05-25T17:56:00.875-05:00  INFO 3856 --- [Mundial2026] [main] o.h.c.internal.RegionFactoryInitiator    : HHH000026: Second-level cache disabled
2026-05-25T17:56:01.154-05:00  INFO 3856 --- [Mundial2026] [main] o.s.o.j.p.SpringPersistenceUnitInfo      : No LoadTimeWeaver setup: ignoring JPA class transformer
2026-05-25T17:56:02.458-05:00  INFO 3856 --- [Mundial2026] [main] o.h.e.t.j.p.i.JtaPlatformInitiator       : HHH000489: No JTA platform available (set 'hibernate.transaction.jta.platform' to enable JTA platform integration)
2026-05-25T17:56:02.651-05:00  INFO 3856 --- [Mundial2026] [main] j.LocalContainerEntityManagerFactoryBean : Initialized JPA EntityManagerFactory for persistence unit 'default'
2026-05-25T17:56:03.395-05:00  WARN 3856 --- [Mundial2026] [main] JpaBaseConfiguration$JpaWebConfiguration : spring.jpa.open-in-view is enabled by default. Therefore, database queries may be performed during view rendering. Explicitly configure spring.jpa.open-in-view to disable this warning
2026-05-25T17:56:03.486-05:00  INFO 3856 --- [Mundial2026] [main] o.s.b.a.w.s.WelcomePageHandlerMapping    : Adding welcome page: class path resource [static/index.html]
2026-05-25T17:56:03.710-05:00  INFO 3856 --- [Mundial2026] [main] o.s.s.web.DefaultSecurityFilterChain     : Will secure any request with [org.springframework.security.web.session.DisableEncodeUrlFilter@6971c6b7, org.springframework.security.web.context.request.async.WebAsyncManagerIntegrationFilter@402d45c6, org.springframework.security.web.context.SecurityContextHolderFilter@3dfb1626, org.springframework.security.web.header.HeaderWriterFilter@4eb43d2f, org.springframework.web.filter.CorsFilter@4b37b01e, org.springframework.security.web.authentication.logout.LogoutFilter@4cdb7fd9, org.springframework.security.web.authentication.UsernamePasswordAuthenticationFilter@3bd7829b, org.springframework.security.web.savedrequest.RequestCacheAwareFilter@5c70eda4, org.springframework.security.web.servletapi.SecurityContextHolderAwareRequestFilter@77ac7cd6, org.springframework.security.web.authentication.AnonymousAuthenticationFilter@f53db1a, org.springframework.security.web.access.ExceptionTranslationFilter@490b8f1e, org.springframework.security.web.access.intercept.AuthorizationFilter@608448e7]
2026-05-25T17:56:04.130-05:00  INFO 3856 --- [Mundial2026] [main] o.s.b.w.embedded.tomcat.TomcatWebServer  : Tomcat started on port 8081 (http) with context path ''
2026-05-25T17:56:04.143-05:00  INFO 3856 --- [Mundial2026] [main] com.mundial.hub.HubApplication           : Started HubApplication in 6.36 seconds (process running for 7.147)
2026-05-25T17:59:12.182-05:00  INFO 3856 --- [Mundial2026] [RMI TCP Connection(6)-127.0.0.1] inMXBeanRegistrar$SpringApplicationAdmin : Application shutdown requested.
2026-05-25T17:59:12.195-05:00  INFO 3856 --- [Mundial2026] [RMI TCP Connection(6)-127.0.0.1] j.LocalContainerEntityManagerFactoryBean : Closing JPA EntityManagerFactory for persistence unit 'default'
2026-05-25T17:59:12.198-05:00  INFO 3856 --- [Mundial2026] [RMI TCP Connection(6)-127.0.0.1] com.zaxxer.hikari.HikariDataSource       : HikariPool-1 - Shutdown initiated...
2026-05-25T17:59:12.203-05:00  INFO 3856 --- [Mundial2026] [RMI TCP Connection(6)-127.0.0.1] com.zaxxer.hikari.HikariDataSource       : HikariPool-1 - Shutdown completed.
2026-05-25T19:45:37.658-05:00  INFO 13736 --- [Mundial2026] [main] com.mundial.hub.HubApplication           : Starting HubApplication using Java 21.0.3 with PID 13736 (C:\Users\dsuar\OneDrive\Escritorio\ProyectoMundialHUB\Mundial2026\target\classes started by dsuar in C:\Users\dsuar\OneDrive\Escritorio\ProyectoMundialHUB\Mundial2026)
2026-05-25T19:45:37.661-05:00  INFO 13736 --- [Mundial2026] [main] com.mundial.hub.HubApplication           : No active profile set, falling back to 1 default profile: "default"
2026-05-25T19:45:39.116-05:00  INFO 13736 --- [Mundial2026] [main] .s.d.r.c.RepositoryConfigurationDelegate : Bootstrapping Spring Data JPA repositories in DEFAULT mode.
2026-05-25T19:45:39.238-05:00  INFO 13736 --- [Mundial2026] [main] .s.d.r.c.RepositoryConfigurationDelegate : Finished Spring Data repository scanning in 107 ms. Found 9 JPA repository interfaces.
2026-05-25T19:45:40.156-05:00  INFO 13736 --- [Mundial2026] [main] o.s.b.w.embedded.tomcat.TomcatWebServer  : Tomcat initialized with port 8081 (http)
2026-05-25T19:45:40.181-05:00  INFO 13736 --- [Mundial2026] [main] o.apache.catalina.core.StandardService   : Starting service [Tomcat]
2026-05-25T19:45:40.181-05:00  INFO 13736 --- [Mundial2026] [main] o.apache.catalina.core.StandardEngine    : Starting Servlet engine: [Apache Tomcat/10.1.20]
2026-05-25T19:45:40.275-05:00  INFO 13736 --- [Mundial2026] [main] o.a.c.c.C.[Tomcat].[localhost].[/]       : Initializing Spring embedded WebApplicationContext
2026-05-25T19:45:40.275-05:00  INFO 13736 --- [Mundial2026] [main] w.s.c.ServletWebServerApplicationContext : Root WebApplicationContext: initialization completed in 2540 ms
2026-05-25T19:45:40.429-05:00  INFO 13736 --- [Mundial2026] [main] com.zaxxer.hikari.HikariDataSource       : HikariPool-1 - Starting...
2026-05-25T19:45:40.689-05:00  INFO 13736 --- [Mundial2026] [main] com.zaxxer.hikari.pool.HikariPool        : HikariPool-1 - Added connection org.postgresql.jdbc.PgConnection@23564dd2
2026-05-25T19:45:40.693-05:00  INFO 13736 --- [Mundial2026] [main] com.zaxxer.hikari.HikariDataSource       : HikariPool-1 - Start completed.
2026-05-25T19:45:40.827-05:00  INFO 13736 --- [Mundial2026] [main] o.f.c.internal.license.VersionPrinter    : Flyway Community Edition 9.22.3 by Redgate
2026-05-25T19:45:40.827-05:00  INFO 13736 --- [Mundial2026] [main] o.f.c.internal.license.VersionPrinter    : See release notes here: https://rd.gt/416ObMi
2026-05-25T19:45:40.828-05:00  INFO 13736 --- [Mundial2026] [main] o.f.c.internal.license.VersionPrinter    : 
2026-05-25T19:45:40.860-05:00  INFO 13736 --- [Mundial2026] [main] org.flywaydb.core.FlywayExecutor         : Database: jdbc:postgresql://localhost:5432/mundialhub (PostgreSQL 18.3)
2026-05-25T19:45:40.873-05:00  WARN 13736 --- [Mundial2026] [main] o.f.c.internal.database.base.Database    : Flyway upgrade recommended: PostgreSQL 18.3 is newer than this version of Flyway and support has not been tested. The latest supported version of PostgreSQL is 15.
2026-05-25T19:45:40.936-05:00  INFO 13736 --- [Mundial2026] [main] o.f.c.i.s.JdbcTableSchemaHistory         : Schema history table "public"."flyway_schema_history" does not exist yet
2026-05-25T19:45:40.942-05:00  INFO 13736 --- [Mundial2026] [main] o.f.core.internal.command.DbValidate     : Successfully validated 1 migration (execution time 00:00.049s)
2026-05-25T19:45:40.977-05:00  INFO 13736 --- [Mundial2026] [main] o.f.c.i.s.JdbcTableSchemaHistory         : Creating Schema History table "public"."flyway_schema_history" ...
2026-05-25T19:45:41.136-05:00  INFO 13736 --- [Mundial2026] [main] o.f.core.internal.command.DbMigrate      : Current version of schema "public": << Empty Schema >>
2026-05-25T19:45:41.136-05:00  WARN 13736 --- [Mundial2026] [main] o.f.core.internal.command.DbMigrate      : outOfOrder mode is active. Migration of schema "public" may not be reproducible.
2026-05-25T19:45:41.144-05:00  INFO 13736 --- [Mundial2026] [main] o.f.core.internal.command.DbMigrate      : Migrating schema "public" to version "1 - Crear Tablas Iniciales"
2026-05-25T19:45:41.150-05:00  INFO 13736 --- [Mundial2026] [main] o.f.c.i.s.DefaultSqlScriptExecutor       : +----------+
| ?column? |
+----------+
| 1        |
+----------+

2026-05-25T19:45:41.172-05:00  INFO 13736 --- [Mundial2026] [main] o.f.core.internal.command.DbMigrate      : Successfully applied 1 migration to schema "public", now at version v1 (execution time 00:00.009s)
2026-05-25T19:45:41.348-05:00  INFO 13736 --- [Mundial2026] [main] o.hibernate.jpa.internal.util.LogHelper  : HHH000204: Processing PersistenceUnitInfo [name: default]
2026-05-25T19:45:41.526-05:00  INFO 13736 --- [Mundial2026] [main] org.hibernate.Version                    : HHH000412: Hibernate ORM core version 6.4.4.Final
2026-05-25T19:45:41.613-05:00  INFO 13736 --- [Mundial2026] [main] o.h.c.internal.RegionFactoryInitiator    : HHH000026: Second-level cache disabled
2026-05-25T19:45:42.108-05:00  INFO 13736 --- [Mundial2026] [main] o.s.o.j.p.SpringPersistenceUnitInfo      : No LoadTimeWeaver setup: ignoring JPA class transformer
2026-05-25T19:45:44.151-05:00  INFO 13736 --- [Mundial2026] [main] o.h.e.t.j.p.i.JtaPlatformInitiator       : HHH000489: No JTA platform available (set 'hibernate.transaction.jta.platform' to enable JTA platform integration)
2026-05-25T19:45:44.334-05:00  WARN 13736 --- [Mundial2026] [main] o.h.engine.jdbc.spi.SqlExceptionHelper   : SQL Warning Code: 0, SQLState: 00000
2026-05-25T19:45:44.334-05:00  WARN 13736 --- [Mundial2026] [main] o.h.engine.jdbc.spi.SqlExceptionHelper   : no existe la restricción «uk_8lv21duxkkvyk19s4ewdc3dej» en la relación «polla», omitiendo
2026-05-25T19:45:44.340-05:00  WARN 13736 --- [Mundial2026] [main] o.h.engine.jdbc.spi.SqlExceptionHelper   : SQL Warning Code: 0, SQLState: 00000
2026-05-25T19:45:44.340-05:00  WARN 13736 --- [Mundial2026] [main] o.h.engine.jdbc.spi.SqlExceptionHelper   : no existe la restricción «uk_5171l57faosmj8myawaucatdw» en la relación «usuario», omitiendo
2026-05-25T19:45:44.345-05:00  WARN 13736 --- [Mundial2026] [main] o.h.engine.jdbc.spi.SqlExceptionHelper   : SQL Warning Code: 0, SQLState: 00000
2026-05-25T19:45:44.346-05:00  WARN 13736 --- [Mundial2026] [main] o.h.engine.jdbc.spi.SqlExceptionHelper   : no existe la restricción «uk_863n1y3x0jalatoir4325ehal» en la relación «usuario», omitiendo
2026-05-25T19:45:44.405-05:00  INFO 13736 --- [Mundial2026] [main] j.LocalContainerEntityManagerFactoryBean : Initialized JPA EntityManagerFactory for persistence unit 'default'
2026-05-25T19:45:45.231-05:00  WARN 13736 --- [Mundial2026] [main] JpaBaseConfiguration$JpaWebConfiguration : spring.jpa.open-in-view is enabled by default. Therefore, database queries may be performed during view rendering. Explicitly configure spring.jpa.open-in-view to disable this warning
2026-05-25T19:45:45.359-05:00  INFO 13736 --- [Mundial2026] [main] o.s.b.a.w.s.WelcomePageHandlerMapping    : Adding welcome page: class path resource [static/index.html]
2026-05-25T19:45:45.624-05:00  INFO 13736 --- [Mundial2026] [main] o.s.s.web.DefaultSecurityFilterChain     : Will secure any request with [org.springframework.security.web.session.DisableEncodeUrlFilter@2c64ee53, org.springframework.security.web.context.request.async.WebAsyncManagerIntegrationFilter@77c7d3f4, org.springframework.security.web.context.SecurityContextHolderFilter@3bd7829b, org.springframework.security.web.header.HeaderWriterFilter@4f876114, org.springframework.web.filter.CorsFilter@162c89ac, org.springframework.security.web.authentication.logout.LogoutFilter@5bbaaf17, org.springframework.security.web.authentication.UsernamePasswordAuthenticationFilter@6db99c79, org.springframework.security.web.savedrequest.RequestCacheAwareFilter@2cb4e4b1, org.springframework.security.web.servletapi.SecurityContextHolderAwareRequestFilter@6e3552b0, org.springframework.security.web.authentication.AnonymousAuthenticationFilter@644f033d, org.springframework.security.web.access.ExceptionTranslationFilter@73983f07, org.springframework.security.web.access.intercept.AuthorizationFilter@79ef8115]
2026-05-25T19:45:46.197-05:00  INFO 13736 --- [Mundial2026] [main] o.s.b.w.embedded.tomcat.TomcatWebServer  : Tomcat started on port 8081 (http) with context path ''
2026-05-25T19:45:46.212-05:00  INFO 13736 --- [Mundial2026] [main] com.mundial.hub.HubApplication           : Started HubApplication in 9.136 seconds (process running for 9.985)
2026-05-25T19:46:09.962-05:00  INFO 13736 --- [Mundial2026] [http-nio-8081-exec-1] o.a.c.c.C.[Tomcat].[localhost].[/]       : Initializing Spring DispatcherServlet 'dispatcherServlet'
2026-05-25T19:46:09.962-05:00  INFO 13736 --- [Mundial2026] [http-nio-8081-exec-1] o.s.web.servlet.DispatcherServlet        : Initializing Servlet 'dispatcherServlet'
2026-05-25T19:46:09.966-05:00  INFO 13736 --- [Mundial2026] [http-nio-8081-exec-1] o.s.web.servlet.DispatcherServlet        : Completed initialization in 4 ms
2026-05-25T19:53:04.419-05:00  INFO 13736 --- [Mundial2026] [RMI TCP Connection(11)-127.0.0.1] inMXBeanRegistrar$SpringApplicationAdmin : Application shutdown requested.
2026-05-25T19:53:04.436-05:00  INFO 13736 --- [Mundial2026] [RMI TCP Connection(11)-127.0.0.1] j.LocalContainerEntityManagerFactoryBean : Closing JPA EntityManagerFactory for persistence unit 'default'
2026-05-25T19:53:04.439-05:00  INFO 13736 --- [Mundial2026] [RMI TCP Connection(11)-127.0.0.1] com.zaxxer.hikari.HikariDataSource       : HikariPool-1 - Shutdown initiated...
2026-05-25T19:53:04.445-05:00  INFO 13736 --- [Mundial2026] [RMI TCP Connection(11)-127.0.0.1] com.zaxxer.hikari.HikariDataSource       : HikariPool-1 - Shutdown completed.
2026-05-25T19:53:12.714-05:00  INFO 4124 --- [Mundial2026] [main] com.mundial.hub.HubApplication           : Starting HubApplication using Java 21.0.3 with PID 4124 (C:\Users\dsuar\OneDrive\Escritorio\ProyectoMundialHUB\Mundial2026\target\classes started by dsuar in C:\Users\dsuar\OneDrive\Escritorio\ProyectoMundialHUB\Mundial2026)
2026-05-25T19:53:12.716-05:00  INFO 4124 --- [Mundial2026] [main] com.mundial.hub.HubApplication           : No active profile set, falling back to 1 default profile: "default"
2026-05-25T19:53:13.673-05:00  INFO 4124 --- [Mundial2026] [main] .s.d.r.c.RepositoryConfigurationDelegate : Bootstrapping Spring Data JPA repositories in DEFAULT mode.
2026-05-25T19:53:13.768-05:00  INFO 4124 --- [Mundial2026] [main] .s.d.r.c.RepositoryConfigurationDelegate : Finished Spring Data repository scanning in 85 ms. Found 9 JPA repository interfaces.
2026-05-25T19:53:14.447-05:00  INFO 4124 --- [Mundial2026] [main] o.s.b.w.embedded.tomcat.TomcatWebServer  : Tomcat initialized with port 8081 (http)
2026-05-25T19:53:14.464-05:00  INFO 4124 --- [Mundial2026] [main] o.apache.catalina.core.StandardService   : Starting service [Tomcat]
2026-05-25T19:53:14.464-05:00  INFO 4124 --- [Mundial2026] [main] o.apache.catalina.core.StandardEngine    : Starting Servlet engine: [Apache Tomcat/10.1.20]
2026-05-25T19:53:14.555-05:00  INFO 4124 --- [Mundial2026] [main] o.a.c.c.C.[Tomcat].[localhost].[/]       : Initializing Spring embedded WebApplicationContext
2026-05-25T19:53:14.556-05:00  INFO 4124 --- [Mundial2026] [main] w.s.c.ServletWebServerApplicationContext : Root WebApplicationContext: initialization completed in 1788 ms
2026-05-25T19:53:14.716-05:00  INFO 4124 --- [Mundial2026] [main] com.zaxxer.hikari.HikariDataSource       : HikariPool-1 - Starting...
2026-05-25T19:53:14.946-05:00  INFO 4124 --- [Mundial2026] [main] com.zaxxer.hikari.pool.HikariPool        : HikariPool-1 - Added connection org.postgresql.jdbc.PgConnection@307af381
2026-05-25T19:53:14.949-05:00  INFO 4124 --- [Mundial2026] [main] com.zaxxer.hikari.HikariDataSource       : HikariPool-1 - Start completed.
2026-05-25T19:53:15.046-05:00  INFO 4124 --- [Mundial2026] [main] o.f.c.internal.license.VersionPrinter    : Flyway Community Edition 9.22.3 by Redgate
2026-05-25T19:53:15.047-05:00  INFO 4124 --- [Mundial2026] [main] o.f.c.internal.license.VersionPrinter    : See release notes here: https://rd.gt/416ObMi
2026-05-25T19:53:15.047-05:00  INFO 4124 --- [Mundial2026] [main] o.f.c.internal.license.VersionPrinter    : 
2026-05-25T19:53:15.076-05:00  INFO 4124 --- [Mundial2026] [main] org.flywaydb.core.FlywayExecutor         : Database: jdbc:postgresql://localhost:5432/mundialhub (PostgreSQL 18.3)
2026-05-25T19:53:15.089-05:00  WARN 4124 --- [Mundial2026] [main] o.f.c.internal.database.base.Database    : Flyway upgrade recommended: PostgreSQL 18.3 is newer than this version of Flyway and support has not been tested. The latest supported version of PostgreSQL is 15.
2026-05-25T19:53:15.174-05:00  INFO 4124 --- [Mundial2026] [main] o.f.core.internal.command.DbValidate     : Successfully validated 1 migration (execution time 00:00.067s)
2026-05-25T19:53:15.192-05:00  INFO 4124 --- [Mundial2026] [main] o.f.core.internal.command.DbMigrate      : Current version of schema "public": 1
2026-05-25T19:53:15.193-05:00  WARN 4124 --- [Mundial2026] [main] o.f.core.internal.command.DbMigrate      : outOfOrder mode is active. Migration of schema "public" may not be reproducible.
2026-05-25T19:53:15.197-05:00  INFO 4124 --- [Mundial2026] [main] o.f.core.internal.command.DbMigrate      : Schema "public" is up to date. No migration necessary.
2026-05-25T19:53:15.359-05:00  INFO 4124 --- [Mundial2026] [main] o.hibernate.jpa.internal.util.LogHelper  : HHH000204: Processing PersistenceUnitInfo [name: default]
2026-05-25T19:53:15.510-05:00  INFO 4124 --- [Mundial2026] [main] org.hibernate.Version                    : HHH000412: Hibernate ORM core version 6.4.4.Final
2026-05-25T19:53:15.576-05:00  INFO 4124 --- [Mundial2026] [main] o.h.c.internal.RegionFactoryInitiator    : HHH000026: Second-level cache disabled
2026-05-25T19:53:16.013-05:00  INFO 4124 --- [Mundial2026] [main] o.s.o.j.p.SpringPersistenceUnitInfo      : No LoadTimeWeaver setup: ignoring JPA class transformer
2026-05-25T19:53:18.004-05:00  INFO 4124 --- [Mundial2026] [main] o.h.e.t.j.p.i.JtaPlatformInitiator       : HHH000489: No JTA platform available (set 'hibernate.transaction.jta.platform' to enable JTA platform integration)
2026-05-25T19:53:18.262-05:00  INFO 4124 --- [Mundial2026] [main] j.LocalContainerEntityManagerFactoryBean : Initialized JPA EntityManagerFactory for persistence unit 'default'
2026-05-25T19:53:19.062-05:00  WARN 4124 --- [Mundial2026] [main] JpaBaseConfiguration$JpaWebConfiguration : spring.jpa.open-in-view is enabled by default. Therefore, database queries may be performed during view rendering. Explicitly configure spring.jpa.open-in-view to disable this warning
2026-05-25T19:53:19.180-05:00  INFO 4124 --- [Mundial2026] [main] o.s.b.a.w.s.WelcomePageHandlerMapping    : Adding welcome page: class path resource [static/index.html]
2026-05-25T19:53:19.449-05:00  INFO 4124 --- [Mundial2026] [main] o.s.s.web.DefaultSecurityFilterChain     : Will secure any request with [org.springframework.security.web.session.DisableEncodeUrlFilter@35fddea2, org.springframework.security.web.context.request.async.WebAsyncManagerIntegrationFilter@4f876114, org.springframework.security.web.context.SecurityContextHolderFilter@3bbab2c9, org.springframework.security.web.header.HeaderWriterFilter@1ee04ff6, org.springframework.web.filter.CorsFilter@52d625bd, org.springframework.security.web.authentication.logout.LogoutFilter@3f4fd0dc, org.springframework.security.web.authentication.UsernamePasswordAuthenticationFilter@5a438c0a, org.springframework.security.web.savedrequest.RequestCacheAwareFilter@625d2b6d, org.springframework.security.web.servletapi.SecurityContextHolderAwareRequestFilter@490b8f1e, org.springframework.security.web.authentication.AnonymousAuthenticationFilter@608448e7, org.springframework.security.web.access.ExceptionTranslationFilter@34e700f4, org.springframework.security.web.access.intercept.AuthorizationFilter@14cd8dfa]
2026-05-25T19:53:19.967-05:00  INFO 4124 --- [Mundial2026] [main] o.s.b.w.embedded.tomcat.TomcatWebServer  : Tomcat started on port 8081 (http) with context path ''
2026-05-25T19:53:19.982-05:00  INFO 4124 --- [Mundial2026] [main] com.mundial.hub.HubApplication           : Started HubApplication in 7.702 seconds (process running for 8.564)
2026-05-25T19:54:02.824-05:00  INFO 4124 --- [Mundial2026] [http-nio-8081-exec-2] o.a.c.c.C.[Tomcat].[localhost].[/]       : Initializing Spring DispatcherServlet 'dispatcherServlet'
2026-05-25T19:54:02.825-05:00  INFO 4124 --- [Mundial2026] [http-nio-8081-exec-2] o.s.web.servlet.DispatcherServlet        : Initializing Servlet 'dispatcherServlet'
2026-05-25T19:54:02.827-05:00  INFO 4124 --- [Mundial2026] [http-nio-8081-exec-2] o.s.web.servlet.DispatcherServlet        : Completed initialization in 1 ms
2026-05-25T19:56:36.375-05:00  INFO 4124 --- [Mundial2026] [RMI TCP Connection(7)-127.0.0.1] inMXBeanRegistrar$SpringApplicationAdmin : Application shutdown requested.
2026-05-25T19:56:36.390-05:00  INFO 4124 --- [Mundial2026] [RMI TCP Connection(7)-127.0.0.1] j.LocalContainerEntityManagerFactoryBean : Closing JPA EntityManagerFactory for persistence unit 'default'
2026-05-25T19:56:36.392-05:00  INFO 4124 --- [Mundial2026] [RMI TCP Connection(7)-127.0.0.1] com.zaxxer.hikari.HikariDataSource       : HikariPool-1 - Shutdown initiated...
2026-05-25T19:56:36.398-05:00  INFO 4124 --- [Mundial2026] [RMI TCP Connection(7)-127.0.0.1] com.zaxxer.hikari.HikariDataSource       : HikariPool-1 - Shutdown completed.
2026-05-25T20:02:13.661-05:00  INFO 11892 --- [Mundial2026] [main] com.mundial.hub.HubApplication           : Starting HubApplication using Java 21.0.3 with PID 11892 (C:\Users\dsuar\OneDrive\Escritorio\ProyectoMundialHUB\Mundial2026\target\classes started by dsuar in C:\Users\dsuar\OneDrive\Escritorio\ProyectoMundialHUB\Mundial2026)
2026-05-25T20:02:13.663-05:00  INFO 11892 --- [Mundial2026] [main] com.mundial.hub.HubApplication           : No active profile set, falling back to 1 default profile: "default"
2026-05-25T20:02:14.797-05:00  INFO 11892 --- [Mundial2026] [main] .s.d.r.c.RepositoryConfigurationDelegate : Bootstrapping Spring Data JPA repositories in DEFAULT mode.
2026-05-25T20:02:14.931-05:00  INFO 11892 --- [Mundial2026] [main] .s.d.r.c.RepositoryConfigurationDelegate : Finished Spring Data repository scanning in 118 ms. Found 9 JPA repository interfaces.
2026-05-25T20:02:15.783-05:00  INFO 11892 --- [Mundial2026] [main] o.s.b.w.embedded.tomcat.TomcatWebServer  : Tomcat initialized with port 8081 (http)
2026-05-25T20:02:15.800-05:00  INFO 11892 --- [Mundial2026] [main] o.apache.catalina.core.StandardService   : Starting service [Tomcat]
2026-05-25T20:02:15.801-05:00  INFO 11892 --- [Mundial2026] [main] o.apache.catalina.core.StandardEngine    : Starting Servlet engine: [Apache Tomcat/10.1.20]
2026-05-25T20:02:15.882-05:00  INFO 11892 --- [Mundial2026] [main] o.a.c.c.C.[Tomcat].[localhost].[/]       : Initializing Spring embedded WebApplicationContext
2026-05-25T20:02:15.883-05:00  INFO 11892 --- [Mundial2026] [main] w.s.c.ServletWebServerApplicationContext : Root WebApplicationContext: initialization completed in 2161 ms
2026-05-25T20:02:16.075-05:00  INFO 11892 --- [Mundial2026] [main] com.zaxxer.hikari.HikariDataSource       : HikariPool-1 - Starting...
2026-05-25T20:02:16.277-05:00  INFO 11892 --- [Mundial2026] [main] com.zaxxer.hikari.pool.HikariPool        : HikariPool-1 - Added connection org.postgresql.jdbc.PgConnection@1216eb3f
2026-05-25T20:02:16.280-05:00  INFO 11892 --- [Mundial2026] [main] com.zaxxer.hikari.HikariDataSource       : HikariPool-1 - Start completed.
2026-05-25T20:02:16.374-05:00  INFO 11892 --- [Mundial2026] [main] o.f.c.internal.license.VersionPrinter    : Flyway Community Edition 9.22.3 by Redgate
2026-05-25T20:02:16.374-05:00  INFO 11892 --- [Mundial2026] [main] o.f.c.internal.license.VersionPrinter    : See release notes here: https://rd.gt/416ObMi
2026-05-25T20:02:16.374-05:00  INFO 11892 --- [Mundial2026] [main] o.f.c.internal.license.VersionPrinter    : 
2026-05-25T20:02:16.399-05:00  INFO 11892 --- [Mundial2026] [main] org.flywaydb.core.FlywayExecutor         : Database: jdbc:postgresql://localhost:5432/mundialhub (PostgreSQL 18.3)
2026-05-25T20:02:16.412-05:00  WARN 11892 --- [Mundial2026] [main] o.f.c.internal.database.base.Database    : Flyway upgrade recommended: PostgreSQL 18.3 is newer than this version of Flyway and support has not been tested. The latest supported version of PostgreSQL is 15.
2026-05-25T20:02:16.464-05:00  INFO 11892 --- [Mundial2026] [main] o.f.core.internal.command.DbValidate     : Successfully validated 1 migration (execution time 00:00.035s)
2026-05-25T20:02:16.482-05:00  INFO 11892 --- [Mundial2026] [main] o.f.core.internal.command.DbMigrate      : Current version of schema "public": 1
2026-05-25T20:02:16.482-05:00  WARN 11892 --- [Mundial2026] [main] o.f.core.internal.command.DbMigrate      : outOfOrder mode is active. Migration of schema "public" may not be reproducible.
2026-05-25T20:02:16.487-05:00  INFO 11892 --- [Mundial2026] [main] o.f.core.internal.command.DbMigrate      : Schema "public" is up to date. No migration necessary.
2026-05-25T20:02:16.627-05:00  INFO 11892 --- [Mundial2026] [main] o.hibernate.jpa.internal.util.LogHelper  : HHH000204: Processing PersistenceUnitInfo [name: default]
2026-05-25T20:02:16.720-05:00  INFO 11892 --- [Mundial2026] [main] org.hibernate.Version                    : HHH000412: Hibernate ORM core version 6.4.4.Final
2026-05-25T20:02:16.803-05:00  INFO 11892 --- [Mundial2026] [main] o.h.c.internal.RegionFactoryInitiator    : HHH000026: Second-level cache disabled
2026-05-25T20:02:17.187-05:00  INFO 11892 --- [Mundial2026] [main] o.s.o.j.p.SpringPersistenceUnitInfo      : No LoadTimeWeaver setup: ignoring JPA class transformer
2026-05-25T20:02:18.738-05:00  INFO 11892 --- [Mundial2026] [main] o.h.e.t.j.p.i.JtaPlatformInitiator       : HHH000489: No JTA platform available (set 'hibernate.transaction.jta.platform' to enable JTA platform integration)
2026-05-25T20:02:18.962-05:00  INFO 11892 --- [Mundial2026] [main] j.LocalContainerEntityManagerFactoryBean : Initialized JPA EntityManagerFactory for persistence unit 'default'
2026-05-25T20:02:19.680-05:00  WARN 11892 --- [Mundial2026] [main] JpaBaseConfiguration$JpaWebConfiguration : spring.jpa.open-in-view is enabled by default. Therefore, database queries may be performed during view rendering. Explicitly configure spring.jpa.open-in-view to disable this warning
2026-05-25T20:02:19.788-05:00  INFO 11892 --- [Mundial2026] [main] o.s.b.a.w.s.WelcomePageHandlerMapping    : Adding welcome page: class path resource [static/index.html]
2026-05-25T20:02:20.053-05:00  INFO 11892 --- [Mundial2026] [main] o.s.s.web.DefaultSecurityFilterChain     : Will secure any request with [org.springframework.security.web.session.DisableEncodeUrlFilter@5d9639bb, org.springframework.security.web.context.request.async.WebAsyncManagerIntegrationFilter@796687de, org.springframework.security.web.context.SecurityContextHolderFilter@30a8ac50, org.springframework.security.web.header.HeaderWriterFilter@71cdde0c, org.springframework.web.filter.CorsFilter@225d93aa, org.springframework.security.web.authentication.logout.LogoutFilter@81f9b01, org.springframework.security.web.authentication.UsernamePasswordAuthenticationFilter@2fc7c36a, org.springframework.security.web.savedrequest.RequestCacheAwareFilter@79177bc, org.springframework.security.web.servletapi.SecurityContextHolderAwareRequestFilter@3fe33c59, org.springframework.security.web.authentication.AnonymousAuthenticationFilter@35ef158f, org.springframework.security.web.access.ExceptionTranslationFilter@7bbab46e, org.springframework.security.web.access.intercept.AuthorizationFilter@63fcc21]
2026-05-25T20:02:20.536-05:00  INFO 11892 --- [Mundial2026] [main] o.s.b.w.embedded.tomcat.TomcatWebServer  : Tomcat started on port 8081 (http) with context path ''
2026-05-25T20:02:20.550-05:00  INFO 11892 --- [Mundial2026] [main] com.mundial.hub.HubApplication           : Started HubApplication in 7.367 seconds (process running for 8.247)
2026-05-25T20:03:12.370-05:00  INFO 11892 --- [Mundial2026] [http-nio-8081-exec-2] o.a.c.c.C.[Tomcat].[localhost].[/]       : Initializing Spring DispatcherServlet 'dispatcherServlet'
2026-05-25T20:03:12.370-05:00  INFO 11892 --- [Mundial2026] [http-nio-8081-exec-2] o.s.web.servlet.DispatcherServlet        : Initializing Servlet 'dispatcherServlet'
2026-05-25T20:03:12.373-05:00  INFO 11892 --- [Mundial2026] [http-nio-8081-exec-2] o.s.web.servlet.DispatcherServlet        : Completed initialization in 1 ms
2026-05-25T20:04:00.634-05:00  INFO 11892 --- [Mundial2026] [http-nio-8081-exec-1] com.mundial.hub.service.AlbumService     : ECONOMÍA: Usuario usuario recargó 20 monedas.
2026-05-25T20:04:05.166-05:00  INFO 11892 --- [Mundial2026] [http-nio-8081-exec-8] com.mundial.hub.service.AlbumService     : ALBUM: Usuario usuario abrió un sobre.
2026-05-25T20:09:48.777-05:00  INFO 11892 --- [Mundial2026] [http-nio-8081-exec-3] c.m.hub.service.PartidoSyncService       : Iniciando proceso de sincronización externa...
2026-05-25T20:09:49.830-05:00  INFO 11892 --- [Mundial2026] [http-nio-8081-exec-3] c.m.hub.service.PartidoSyncService       : Sincronización exitosa con proveedor externo.
2026-05-25T20:10:50.029-05:00  INFO 11892 --- [Mundial2026] [http-nio-8081-exec-4] c.m.hub.service.PartidoSyncService       : Iniciando proceso de sincronización externa...
2026-05-25T20:10:50.121-05:00  WARN 11892 --- [Mundial2026] [http-nio-8081-exec-4] c.m.hub.service.PartidoSyncService       : Falla detectada en el proveedor. Activando plan de contingencia.
2026-05-25T20:13:26.963-05:00  INFO 11892 --- [Mundial2026] [http-nio-8081-exec-4] com.mundial.hub.service.EntradaService   : Reserva exitosa: Ticket ID 1 creado para Usuario 'usuario'
2026-05-25T20:15:16.279-05:00  INFO 11892 --- [Mundial2026] [http-nio-8081-exec-8] com.mundial.hub.service.EntradaService   : Pago confirmado: Ticket ID 1 pagado por Usuario 'usuario'
2026-05-25T20:18:16.610-05:00  INFO 11892 --- [Mundial2026] [http-nio-8081-exec-4] com.mundial.hub.service.EntradaService   : Transferencia exitosa: Ticket ID 1 pasó de 'usuario' a 'David21'
2026-05-25T20:19:27.994-05:00  INFO 11892 --- [Mundial2026] [http-nio-8081-exec-2] com.mundial.hub.service.AlbumService     : ECONOMÍA: Usuario David21 recargó 20 monedas.
2026-05-25T20:19:33.802-05:00  INFO 11892 --- [Mundial2026] [http-nio-8081-exec-6] com.mundial.hub.service.AlbumService     : ALBUM: Usuario David21 abrió un sobre.
2026-05-25T20:19:33.936-05:00  INFO 11892 --- [Mundial2026] [http-nio-8081-exec-3] com.mundial.hub.service.AlbumService     : ALBUM: Usuario David21 abrió un sobre.
2026-05-25T20:21:24.273-05:00  INFO 11892 --- [Mundial2026] [http-nio-8081-exec-2] com.mundial.hub.service.AlbumService     : ALBUM: Usuario usuario abrió un sobre.
2026-05-25T20:21:54.780-05:00  INFO 11892 --- [Mundial2026] [http-nio-8081-exec-10] com.mundial.hub.service.AlbumService     : ALBUM: Usuario David21 abrió un sobre.
2026-05-25T20:22:01.265-05:00  INFO 11892 --- [Mundial2026] [http-nio-8081-exec-9] com.mundial.hub.service.AlbumService     : ALBUM: Usuario David21 abrió un sobre.
2026-05-25T20:31:30.670-05:00  INFO 11892 --- [Mundial2026] [RMI TCP Connection(33)-127.0.0.1] inMXBeanRegistrar$SpringApplicationAdmin : Application shutdown requested.
2026-05-25T20:31:30.693-05:00  INFO 11892 --- [Mundial2026] [RMI TCP Connection(33)-127.0.0.1] j.LocalContainerEntityManagerFactoryBean : Closing JPA EntityManagerFactory for persistence unit 'default'
2026-05-25T20:31:30.696-05:00  INFO 11892 --- [Mundial2026] [RMI TCP Connection(33)-127.0.0.1] com.zaxxer.hikari.HikariDataSource       : HikariPool-1 - Shutdown initiated...
2026-05-25T20:31:30.712-05:00  INFO 11892 --- [Mundial2026] [RMI TCP Connection(33)-127.0.0.1] com.zaxxer.hikari.HikariDataSource       : HikariPool-1 - Shutdown completed.
2026-05-25T21:37:26.915-05:00  INFO 27016 --- [Mundial2026] [main] com.mundial.hub.HubApplication           : Starting HubApplication using Java 21.0.3 with PID 27016 (C:\Users\dsuar\OneDrive\Escritorio\ProyectoMundialHUB\Mundial2026\target\classes started by dsuar in C:\Users\dsuar\OneDrive\Escritorio\ProyectoMundialHUB\Mundial2026)
2026-05-25T21:37:26.918-05:00  INFO 27016 --- [Mundial2026] [main] com.mundial.hub.HubApplication           : No active profile set, falling back to 1 default profile: "default"
2026-05-25T21:37:28.769-05:00  INFO 27016 --- [Mundial2026] [main] .s.d.r.c.RepositoryConfigurationDelegate : Bootstrapping Spring Data JPA repositories in DEFAULT mode.
2026-05-25T21:37:28.907-05:00  INFO 27016 --- [Mundial2026] [main] .s.d.r.c.RepositoryConfigurationDelegate : Finished Spring Data repository scanning in 124 ms. Found 9 JPA repository interfaces.
2026-05-25T21:37:29.867-05:00  INFO 27016 --- [Mundial2026] [main] o.s.b.w.embedded.tomcat.TomcatWebServer  : Tomcat initialized with port 8081 (http)
2026-05-25T21:37:29.898-05:00  INFO 27016 --- [Mundial2026] [main] o.apache.catalina.core.StandardService   : Starting service [Tomcat]
2026-05-25T21:37:29.899-05:00  INFO 27016 --- [Mundial2026] [main] o.apache.catalina.core.StandardEngine    : Starting Servlet engine: [Apache Tomcat/10.1.20]
2026-05-25T21:37:30.030-05:00  INFO 27016 --- [Mundial2026] [main] o.a.c.c.C.[Tomcat].[localhost].[/]       : Initializing Spring embedded WebApplicationContext
2026-05-25T21:37:30.030-05:00  INFO 27016 --- [Mundial2026] [main] w.s.c.ServletWebServerApplicationContext : Root WebApplicationContext: initialization completed in 2959 ms
2026-05-25T21:37:30.205-05:00  INFO 27016 --- [Mundial2026] [main] com.zaxxer.hikari.HikariDataSource       : HikariPool-1 - Starting...
2026-05-25T21:37:30.524-05:00  INFO 27016 --- [Mundial2026] [main] com.zaxxer.hikari.pool.HikariPool        : HikariPool-1 - Added connection org.postgresql.jdbc.PgConnection@633ddc0c
2026-05-25T21:37:30.527-05:00  INFO 27016 --- [Mundial2026] [main] com.zaxxer.hikari.HikariDataSource       : HikariPool-1 - Start completed.
2026-05-25T21:37:30.672-05:00  INFO 27016 --- [Mundial2026] [main] o.f.c.internal.license.VersionPrinter    : Flyway Community Edition 9.22.3 by Redgate
2026-05-25T21:37:30.673-05:00  INFO 27016 --- [Mundial2026] [main] o.f.c.internal.license.VersionPrinter    : See release notes here: https://rd.gt/416ObMi
2026-05-25T21:37:30.673-05:00  INFO 27016 --- [Mundial2026] [main] o.f.c.internal.license.VersionPrinter    : 
2026-05-25T21:37:30.719-05:00  INFO 27016 --- [Mundial2026] [main] org.flywaydb.core.FlywayExecutor         : Database: jdbc:postgresql://localhost:5432/mundialhub (PostgreSQL 18.3)
2026-05-25T21:37:30.735-05:00  WARN 27016 --- [Mundial2026] [main] o.f.c.internal.database.base.Database    : Flyway upgrade recommended: PostgreSQL 18.3 is newer than this version of Flyway and support has not been tested. The latest supported version of PostgreSQL is 15.
2026-05-25T21:37:30.835-05:00  INFO 27016 --- [Mundial2026] [main] o.f.core.internal.command.DbValidate     : Successfully validated 1 migration (execution time 00:00.069s)
2026-05-25T21:37:30.862-05:00  INFO 27016 --- [Mundial2026] [main] o.f.core.internal.command.DbMigrate      : Current version of schema "public": 1
2026-05-25T21:37:30.863-05:00  WARN 27016 --- [Mundial2026] [main] o.f.core.internal.command.DbMigrate      : outOfOrder mode is active. Migration of schema "public" may not be reproducible.
2026-05-25T21:37:30.872-05:00  INFO 27016 --- [Mundial2026] [main] o.f.core.internal.command.DbMigrate      : Schema "public" is up to date. No migration necessary.
2026-05-25T21:37:31.082-05:00  INFO 27016 --- [Mundial2026] [main] o.hibernate.jpa.internal.util.LogHelper  : HHH000204: Processing PersistenceUnitInfo [name: default]
2026-05-25T21:37:31.234-05:00  INFO 27016 --- [Mundial2026] [main] org.hibernate.Version                    : HHH000412: Hibernate ORM core version 6.4.4.Final
2026-05-25T21:37:31.334-05:00  INFO 27016 --- [Mundial2026] [main] o.h.c.internal.RegionFactoryInitiator    : HHH000026: Second-level cache disabled
2026-05-25T21:37:31.809-05:00  INFO 27016 --- [Mundial2026] [main] o.s.o.j.p.SpringPersistenceUnitInfo      : No LoadTimeWeaver setup: ignoring JPA class transformer
2026-05-25T21:37:33.788-05:00  INFO 27016 --- [Mundial2026] [main] o.h.e.t.j.p.i.JtaPlatformInitiator       : HHH000489: No JTA platform available (set 'hibernate.transaction.jta.platform' to enable JTA platform integration)
2026-05-25T21:37:34.250-05:00  INFO 27016 --- [Mundial2026] [main] j.LocalContainerEntityManagerFactoryBean : Initialized JPA EntityManagerFactory for persistence unit 'default'
2026-05-25T21:37:35.633-05:00  WARN 27016 --- [Mundial2026] [main] JpaBaseConfiguration$JpaWebConfiguration : spring.jpa.open-in-view is enabled by default. Therefore, database queries may be performed during view rendering. Explicitly configure spring.jpa.open-in-view to disable this warning
2026-05-25T21:37:35.836-05:00  INFO 27016 --- [Mundial2026] [main] o.s.b.a.w.s.WelcomePageHandlerMapping    : Adding welcome page: class path resource [static/index.html]
2026-05-25T21:37:36.331-05:00  INFO 27016 --- [Mundial2026] [main] o.s.s.web.DefaultSecurityFilterChain     : Will secure any request with [org.springframework.security.web.session.DisableEncodeUrlFilter@79ef8115, org.springframework.security.web.context.request.async.WebAsyncManagerIntegrationFilter@6db99c79, org.springframework.security.web.context.SecurityContextHolderFilter@73983f07, org.springframework.security.web.header.HeaderWriterFilter@5a438c0a, org.springframework.web.filter.CorsFilter@3bb186b, org.springframework.security.web.authentication.logout.LogoutFilter@313c3cb, org.springframework.security.web.authentication.UsernamePasswordAuthenticationFilter@1d1c5bb5, org.springframework.security.web.savedrequest.RequestCacheAwareFilter@4f876114, org.springframework.security.web.servletapi.SecurityContextHolderAwareRequestFilter@52d625bd, org.springframework.security.web.authentication.AnonymousAuthenticationFilter@8fd3eee, org.springframework.security.web.access.ExceptionTranslationFilter@59d8a968, org.springframework.security.web.access.intercept.AuthorizationFilter@46e32574]
2026-05-25T21:37:36.962-05:00  INFO 27016 --- [Mundial2026] [main] o.s.b.w.embedded.tomcat.TomcatWebServer  : Tomcat started on port 8081 (http) with context path ''
2026-05-25T21:37:36.977-05:00  INFO 27016 --- [Mundial2026] [main] com.mundial.hub.HubApplication           : Started HubApplication in 10.669 seconds (process running for 11.899)
2026-05-25T21:37:47.690-05:00  INFO 27016 --- [Mundial2026] [http-nio-8081-exec-1] o.a.c.c.C.[Tomcat].[localhost].[/]       : Initializing Spring DispatcherServlet 'dispatcherServlet'
2026-05-25T21:37:47.691-05:00  INFO 27016 --- [Mundial2026] [http-nio-8081-exec-1] o.s.web.servlet.DispatcherServlet        : Initializing Servlet 'dispatcherServlet'
2026-05-25T21:37:47.694-05:00  INFO 27016 --- [Mundial2026] [http-nio-8081-exec-1] o.s.web.servlet.DispatcherServlet        : Completed initialization in 3 ms
2026-05-25T21:37:52.901-05:00  INFO 27016 --- [Mundial2026] [http-nio-8081-exec-6] com.mundial.hub.service.EntradaService   : Reserva exitosa: Ticket ID 2 creado para Usuario 'David21'
2026-05-25T21:40:31.064-05:00  INFO 8908 --- [Mundial2026] [main] com.mundial.hub.HubApplication           : Starting HubApplication using Java 21.0.3 with PID 8908 (C:\Users\dsuar\OneDrive\Escritorio\ProyectoMundialHUB\Mundial2026\target\classes started by dsuar in C:\Users\dsuar\OneDrive\Escritorio\ProyectoMundialHUB\Mundial2026)
2026-05-25T21:40:31.071-05:00  INFO 8908 --- [Mundial2026] [main] com.mundial.hub.HubApplication           : No active profile set, falling back to 1 default profile: "default"
2026-05-25T21:40:32.765-05:00  INFO 8908 --- [Mundial2026] [main] .s.d.r.c.RepositoryConfigurationDelegate : Bootstrapping Spring Data JPA repositories in DEFAULT mode.
2026-05-25T21:40:32.927-05:00  INFO 8908 --- [Mundial2026] [main] .s.d.r.c.RepositoryConfigurationDelegate : Finished Spring Data repository scanning in 149 ms. Found 9 JPA repository interfaces.
2026-05-25T21:40:34.574-05:00  INFO 8908 --- [Mundial2026] [main] o.s.b.w.embedded.tomcat.TomcatWebServer  : Tomcat initialized with port 8081 (http)
2026-05-25T21:40:34.618-05:00  INFO 8908 --- [Mundial2026] [main] o.apache.catalina.core.StandardService   : Starting service [Tomcat]
2026-05-25T21:40:34.621-05:00  INFO 8908 --- [Mundial2026] [main] o.apache.catalina.core.StandardEngine    : Starting Servlet engine: [Apache Tomcat/10.1.20]
2026-05-25T21:40:34.847-05:00  INFO 8908 --- [Mundial2026] [main] o.a.c.c.C.[Tomcat].[localhost].[/]       : Initializing Spring embedded WebApplicationContext
2026-05-25T21:40:34.852-05:00  INFO 8908 --- [Mundial2026] [main] w.s.c.ServletWebServerApplicationContext : Root WebApplicationContext: initialization completed in 3632 ms
2026-05-25T21:40:35.137-05:00  INFO 8908 --- [Mundial2026] [main] com.zaxxer.hikari.HikariDataSource       : HikariPool-1 - Starting...
2026-05-25T21:40:35.536-05:00  INFO 8908 --- [Mundial2026] [main] com.zaxxer.hikari.pool.HikariPool        : HikariPool-1 - Added connection org.postgresql.jdbc.PgConnection@1796b2d4
2026-05-25T21:40:35.540-05:00  INFO 8908 --- [Mundial2026] [main] com.zaxxer.hikari.HikariDataSource       : HikariPool-1 - Start completed.
2026-05-25T21:40:35.760-05:00  INFO 8908 --- [Mundial2026] [main] o.f.c.internal.license.VersionPrinter    : Flyway Community Edition 9.22.3 by Redgate
2026-05-25T21:40:35.760-05:00  INFO 8908 --- [Mundial2026] [main] o.f.c.internal.license.VersionPrinter    : See release notes here: https://rd.gt/416ObMi
2026-05-25T21:40:35.760-05:00  INFO 8908 --- [Mundial2026] [main] o.f.c.internal.license.VersionPrinter    : 
2026-05-25T21:40:35.819-05:00  INFO 8908 --- [Mundial2026] [main] org.flywaydb.core.FlywayExecutor         : Database: jdbc:postgresql://localhost:5432/mundialhub (PostgreSQL 18.3)
2026-05-25T21:40:35.838-05:00  WARN 8908 --- [Mundial2026] [main] o.f.c.internal.database.base.Database    : Flyway upgrade recommended: PostgreSQL 18.3 is newer than this version of Flyway and support has not been tested. The latest supported version of PostgreSQL is 15.
2026-05-25T21:40:35.971-05:00  INFO 8908 --- [Mundial2026] [main] o.f.core.internal.command.DbValidate     : Successfully validated 1 migration (execution time 00:00.085s)
2026-05-25T21:40:36.008-05:00  INFO 8908 --- [Mundial2026] [main] o.f.core.internal.command.DbMigrate      : Current version of schema "public": 1
2026-05-25T21:40:36.010-05:00  WARN 8908 --- [Mundial2026] [main] o.f.core.internal.command.DbMigrate      : outOfOrder mode is active. Migration of schema "public" may not be reproducible.
2026-05-25T21:40:36.023-05:00  INFO 8908 --- [Mundial2026] [main] o.f.core.internal.command.DbMigrate      : Schema "public" is up to date. No migration necessary.
2026-05-25T21:40:36.297-05:00  INFO 8908 --- [Mundial2026] [main] o.hibernate.jpa.internal.util.LogHelper  : HHH000204: Processing PersistenceUnitInfo [name: default]
2026-05-25T21:40:36.523-05:00  INFO 8908 --- [Mundial2026] [main] org.hibernate.Version                    : HHH000412: Hibernate ORM core version 6.4.4.Final
2026-05-25T21:40:36.631-05:00  INFO 8908 --- [Mundial2026] [main] o.h.c.internal.RegionFactoryInitiator    : HHH000026: Second-level cache disabled
2026-05-25T21:40:37.405-05:00  INFO 8908 --- [Mundial2026] [main] o.s.o.j.p.SpringPersistenceUnitInfo      : No LoadTimeWeaver setup: ignoring JPA class transformer
2026-05-25T21:40:40.196-05:00  INFO 8908 --- [Mundial2026] [main] o.h.e.t.j.p.i.JtaPlatformInitiator       : HHH000489: No JTA platform available (set 'hibernate.transaction.jta.platform' to enable JTA platform integration)
2026-05-25T21:40:40.522-05:00  INFO 8908 --- [Mundial2026] [main] j.LocalContainerEntityManagerFactoryBean : Initialized JPA EntityManagerFactory for persistence unit 'default'
2026-05-25T21:40:41.962-05:00  WARN 8908 --- [Mundial2026] [main] JpaBaseConfiguration$JpaWebConfiguration : spring.jpa.open-in-view is enabled by default. Therefore, database queries may be performed during view rendering. Explicitly configure spring.jpa.open-in-view to disable this warning
2026-05-25T21:40:42.133-05:00  INFO 8908 --- [Mundial2026] [main] o.s.b.a.w.s.WelcomePageHandlerMapping    : Adding welcome page: class path resource [static/index.html]
2026-05-25T21:40:42.492-05:00  INFO 8908 --- [Mundial2026] [main] o.s.s.web.DefaultSecurityFilterChain     : Will secure any request with [org.springframework.security.web.session.DisableEncodeUrlFilter@5a513627, org.springframework.security.web.context.request.async.WebAsyncManagerIntegrationFilter@41413c5a, org.springframework.security.web.context.SecurityContextHolderFilter@34986491, org.springframework.security.web.header.HeaderWriterFilter@f53db1a, org.springframework.web.filter.CorsFilter@306a9cd8, org.springframework.security.web.authentication.logout.LogoutFilter@1d1c5bb5, org.springframework.security.web.authentication.UsernamePasswordAuthenticationFilter@54d0d561, org.springframework.security.web.savedrequest.RequestCacheAwareFilter@4a1cafb2, org.springframework.security.web.servletapi.SecurityContextHolderAwareRequestFilter@441798ce, org.springframework.security.web.authentication.AnonymousAuthenticationFilter@7c52df60, org.springframework.security.web.access.ExceptionTranslationFilter@402d45c6, org.springframework.security.web.access.intercept.AuthorizationFilter@26c349fc]
2026-05-25T21:40:43.122-05:00  WARN 8908 --- [Mundial2026] [main] ConfigServletWebServerApplicationContext : Exception encountered during context initialization - cancelling refresh attempt: org.springframework.context.ApplicationContextException: Failed to start bean 'webServerStartStop'
2026-05-25T21:40:43.128-05:00  INFO 8908 --- [Mundial2026] [main] j.LocalContainerEntityManagerFactoryBean : Closing JPA EntityManagerFactory for persistence unit 'default'
2026-05-25T21:40:43.132-05:00  INFO 8908 --- [Mundial2026] [main] com.zaxxer.hikari.HikariDataSource       : HikariPool-1 - Shutdown initiated...
2026-05-25T21:40:43.157-05:00  INFO 8908 --- [Mundial2026] [main] com.zaxxer.hikari.HikariDataSource       : HikariPool-1 - Shutdown completed.
2026-05-25T21:40:43.193-05:00  INFO 8908 --- [Mundial2026] [main] .s.b.a.l.ConditionEvaluationReportLogger : 

Error starting ApplicationContext. To display the condition evaluation report re-run your application with 'debug' enabled.
2026-05-25T21:40:43.254-05:00 ERROR 8908 --- [Mundial2026] [main] o.s.b.d.LoggingFailureAnalysisReporter   : 

***************************
APPLICATION FAILED TO START
***************************

Description:

Web server failed to start. Port 8081 was already in use.

Action:

Identify and stop the process that's listening on port 8081 or configure this application to listen on another port.

2026-05-25T21:40:50.038-05:00  INFO 27016 --- [Mundial2026] [RMI TCP Connection(7)-127.0.0.1] inMXBeanRegistrar$SpringApplicationAdmin : Application shutdown requested.
2026-05-25T21:40:50.058-05:00  INFO 27016 --- [Mundial2026] [RMI TCP Connection(7)-127.0.0.1] j.LocalContainerEntityManagerFactoryBean : Closing JPA EntityManagerFactory for persistence unit 'default'
2026-05-25T21:40:50.068-05:00  INFO 27016 --- [Mundial2026] [RMI TCP Connection(7)-127.0.0.1] com.zaxxer.hikari.HikariDataSource       : HikariPool-1 - Shutdown initiated...
2026-05-25T21:40:50.081-05:00  INFO 27016 --- [Mundial2026] [RMI TCP Connection(7)-127.0.0.1] com.zaxxer.hikari.HikariDataSource       : HikariPool-1 - Shutdown completed.
2026-05-25T21:40:58.541-05:00  INFO 38600 --- [Mundial2026] [main] com.mundial.hub.HubApplication           : Starting HubApplication using Java 21.0.3 with PID 38600 (C:\Users\dsuar\OneDrive\Escritorio\ProyectoMundialHUB\Mundial2026\target\classes started by dsuar in C:\Users\dsuar\OneDrive\Escritorio\ProyectoMundialHUB\Mundial2026)
2026-05-25T21:40:58.545-05:00  INFO 38600 --- [Mundial2026] [main] com.mundial.hub.HubApplication           : No active profile set, falling back to 1 default profile: "default"
2026-05-25T21:40:59.843-05:00  INFO 38600 --- [Mundial2026] [main] .s.d.r.c.RepositoryConfigurationDelegate : Bootstrapping Spring Data JPA repositories in DEFAULT mode.
2026-05-25T21:40:59.980-05:00  INFO 38600 --- [Mundial2026] [main] .s.d.r.c.RepositoryConfigurationDelegate : Finished Spring Data repository scanning in 121 ms. Found 9 JPA repository interfaces.
2026-05-25T21:41:00.937-05:00  INFO 38600 --- [Mundial2026] [main] o.s.b.w.embedded.tomcat.TomcatWebServer  : Tomcat initialized with port 8081 (http)
2026-05-25T21:41:00.963-05:00  INFO 38600 --- [Mundial2026] [main] o.apache.catalina.core.StandardService   : Starting service [Tomcat]
2026-05-25T21:41:00.963-05:00  INFO 38600 --- [Mundial2026] [main] o.apache.catalina.core.StandardEngine    : Starting Servlet engine: [Apache Tomcat/10.1.20]
2026-05-25T21:41:01.108-05:00  INFO 38600 --- [Mundial2026] [main] o.a.c.c.C.[Tomcat].[localhost].[/]       : Initializing Spring embedded WebApplicationContext
2026-05-25T21:41:01.109-05:00  INFO 38600 --- [Mundial2026] [main] w.s.c.ServletWebServerApplicationContext : Root WebApplicationContext: initialization completed in 2480 ms
2026-05-25T21:41:01.294-05:00  INFO 38600 --- [Mundial2026] [main] com.zaxxer.hikari.HikariDataSource       : HikariPool-1 - Starting...
2026-05-25T21:41:01.556-05:00  INFO 38600 --- [Mundial2026] [main] com.zaxxer.hikari.pool.HikariPool        : HikariPool-1 - Added connection org.postgresql.jdbc.PgConnection@307af381
2026-05-25T21:41:01.559-05:00  INFO 38600 --- [Mundial2026] [main] com.zaxxer.hikari.HikariDataSource       : HikariPool-1 - Start completed.
2026-05-25T21:41:01.717-05:00  INFO 38600 --- [Mundial2026] [main] o.f.c.internal.license.VersionPrinter    : Flyway Community Edition 9.22.3 by Redgate
2026-05-25T21:41:01.717-05:00  INFO 38600 --- [Mundial2026] [main] o.f.c.internal.license.VersionPrinter    : See release notes here: https://rd.gt/416ObMi
2026-05-25T21:41:01.718-05:00  INFO 38600 --- [Mundial2026] [main] o.f.c.internal.license.VersionPrinter    : 
2026-05-25T21:41:01.753-05:00  INFO 38600 --- [Mundial2026] [main] org.flywaydb.core.FlywayExecutor         : Database: jdbc:postgresql://localhost:5432/mundialhub (PostgreSQL 18.3)
2026-05-25T21:41:01.763-05:00  WARN 38600 --- [Mundial2026] [main] o.f.c.internal.database.base.Database    : Flyway upgrade recommended: PostgreSQL 18.3 is newer than this version of Flyway and support has not been tested. The latest supported version of PostgreSQL is 15.
2026-05-25T21:41:01.850-05:00  INFO 38600 --- [Mundial2026] [main] o.f.core.internal.command.DbValidate     : Successfully validated 1 migration (execution time 00:00.062s)
2026-05-25T21:41:01.866-05:00  INFO 38600 --- [Mundial2026] [main] o.f.core.internal.command.DbMigrate      : Current version of schema "public": 1
2026-05-25T21:41:01.867-05:00  WARN 38600 --- [Mundial2026] [main] o.f.core.internal.command.DbMigrate      : outOfOrder mode is active. Migration of schema "public" may not be reproducible.
2026-05-25T21:41:01.871-05:00  INFO 38600 --- [Mundial2026] [main] o.f.core.internal.command.DbMigrate      : Schema "public" is up to date. No migration necessary.
2026-05-25T21:41:02.066-05:00  INFO 38600 --- [Mundial2026] [main] o.hibernate.jpa.internal.util.LogHelper  : HHH000204: Processing PersistenceUnitInfo [name: default]
2026-05-25T21:41:02.167-05:00  INFO 38600 --- [Mundial2026] [main] org.hibernate.Version                    : HHH000412: Hibernate ORM core version 6.4.4.Final
2026-05-25T21:41:02.251-05:00  INFO 38600 --- [Mundial2026] [main] o.h.c.internal.RegionFactoryInitiator    : HHH000026: Second-level cache disabled
2026-05-25T21:41:02.640-05:00  INFO 38600 --- [Mundial2026] [main] o.s.o.j.p.SpringPersistenceUnitInfo      : No LoadTimeWeaver setup: ignoring JPA class transformer
2026-05-25T21:41:04.394-05:00  INFO 38600 --- [Mundial2026] [main] o.h.e.t.j.p.i.JtaPlatformInitiator       : HHH000489: No JTA platform available (set 'hibernate.transaction.jta.platform' to enable JTA platform integration)
2026-05-25T21:41:04.688-05:00  INFO 38600 --- [Mundial2026] [main] j.LocalContainerEntityManagerFactoryBean : Initialized JPA EntityManagerFactory for persistence unit 'default'
2026-05-25T21:41:05.515-05:00  WARN 38600 --- [Mundial2026] [main] JpaBaseConfiguration$JpaWebConfiguration : spring.jpa.open-in-view is enabled by default. Therefore, database queries may be performed during view rendering. Explicitly configure spring.jpa.open-in-view to disable this warning
2026-05-25T21:41:05.667-05:00  INFO 38600 --- [Mundial2026] [main] o.s.b.a.w.s.WelcomePageHandlerMapping    : Adding welcome page: class path resource [static/index.html]
2026-05-25T21:41:05.974-05:00  INFO 38600 --- [Mundial2026] [main] o.s.s.web.DefaultSecurityFilterChain     : Will secure any request with [org.springframework.security.web.session.DisableEncodeUrlFilter@3b4cce5a, org.springframework.security.web.context.request.async.WebAsyncManagerIntegrationFilter@58178b69, org.springframework.security.web.context.SecurityContextHolderFilter@4cdb7fd9, org.springframework.security.web.header.HeaderWriterFilter@2fc7c36a, org.springframework.web.filter.CorsFilter@4a723adf, org.springframework.security.web.authentication.logout.LogoutFilter@6870e039, org.springframework.security.web.authentication.UsernamePasswordAuthenticationFilter@5bbaaf17, org.springframework.security.web.savedrequest.RequestCacheAwareFilter@796687de, org.springframework.security.web.servletapi.SecurityContextHolderAwareRequestFilter@225d93aa, org.springframework.security.web.authentication.AnonymousAuthenticationFilter@7f289126, org.springframework.security.web.access.ExceptionTranslationFilter@47b72d3b, org.springframework.security.web.access.intercept.AuthorizationFilter@4f9191c1]
2026-05-25T21:41:06.521-05:00  INFO 38600 --- [Mundial2026] [main] o.s.b.w.embedded.tomcat.TomcatWebServer  : Tomcat started on port 8081 (http) with context path ''
2026-05-25T21:41:06.538-05:00  INFO 38600 --- [Mundial2026] [main] com.mundial.hub.HubApplication           : Started HubApplication in 8.51 seconds (process running for 9.579)
2026-05-25T21:41:15.329-05:00  INFO 38600 --- [Mundial2026] [http-nio-8081-exec-1] o.a.c.c.C.[Tomcat].[localhost].[/]       : Initializing Spring DispatcherServlet 'dispatcherServlet'
2026-05-25T21:41:15.330-05:00  INFO 38600 --- [Mundial2026] [http-nio-8081-exec-1] o.s.web.servlet.DispatcherServlet        : Initializing Servlet 'dispatcherServlet'
2026-05-25T21:41:15.332-05:00  INFO 38600 --- [Mundial2026] [http-nio-8081-exec-1] o.s.web.servlet.DispatcherServlet        : Completed initialization in 2 ms
2026-05-25T21:41:41.933-05:00  INFO 38600 --- [Mundial2026] [http-nio-8081-exec-9] com.mundial.hub.service.EntradaService   : Reserva exitosa: Ticket ID 3 creado para Usuario 'David21'
2026-05-25T21:43:06.582-05:00  WARN 38600 --- [Mundial2026] [scheduling-1] com.mundial.hub.service.EntradaService   : Expiración TTL: Ticket ID 2 expirado automáticamente
2026-05-25T21:44:40.211-05:00  INFO 38600 --- [Mundial2026] [http-nio-8081-exec-4] com.mundial.hub.service.EntradaService   : Ticket ID 2 reciclado para Usuario 'David21'
2026-05-25T21:47:06.559-05:00  WARN 38600 --- [Mundial2026] [scheduling-1] com.mundial.hub.service.EntradaService   : Expiración TTL: Ticket ID 3 expirado automáticamente
2026-05-25T21:49:51.451-05:00  INFO 38600 --- [Mundial2026] [RMI TCP Connection(12)-127.0.0.1] inMXBeanRegistrar$SpringApplicationAdmin : Application shutdown requested.
2026-05-25T21:49:51.478-05:00  INFO 38600 --- [Mundial2026] [RMI TCP Connection(12)-127.0.0.1] j.LocalContainerEntityManagerFactoryBean : Closing JPA EntityManagerFactory for persistence unit 'default'
2026-05-25T21:49:51.486-05:00  INFO 38600 --- [Mundial2026] [RMI TCP Connection(12)-127.0.0.1] com.zaxxer.hikari.HikariDataSource       : HikariPool-1 - Shutdown initiated...
2026-05-25T21:49:51.496-05:00  INFO 38600 --- [Mundial2026] [RMI TCP Connection(12)-127.0.0.1] com.zaxxer.hikari.HikariDataSource       : HikariPool-1 - Shutdown completed.
2026-05-25T22:21:25.553-05:00  INFO 3800 --- [Mundial2026] [main] com.mundial.hub.HubApplication           : Starting HubApplication using Java 21.0.3 with PID 3800 (C:\Users\dsuar\OneDrive\Escritorio\ProyectoMundialHUB\Mundial2026\target\classes started by dsuar in C:\Users\dsuar\OneDrive\Escritorio\ProyectoMundialHUB\Mundial2026)
2026-05-25T22:21:25.557-05:00  INFO 3800 --- [Mundial2026] [main] com.mundial.hub.HubApplication           : No active profile set, falling back to 1 default profile: "default"
2026-05-25T22:21:27.027-05:00  INFO 3800 --- [Mundial2026] [main] .s.d.r.c.RepositoryConfigurationDelegate : Bootstrapping Spring Data JPA repositories in DEFAULT mode.
2026-05-25T22:21:27.175-05:00  INFO 3800 --- [Mundial2026] [main] .s.d.r.c.RepositoryConfigurationDelegate : Finished Spring Data repository scanning in 131 ms. Found 9 JPA repository interfaces.
2026-05-25T22:21:28.304-05:00  INFO 3800 --- [Mundial2026] [main] o.s.b.w.embedded.tomcat.TomcatWebServer  : Tomcat initialized with port 8081 (http)
2026-05-25T22:21:28.329-05:00  INFO 3800 --- [Mundial2026] [main] o.apache.catalina.core.StandardService   : Starting service [Tomcat]
2026-05-25T22:21:28.329-05:00  INFO 3800 --- [Mundial2026] [main] o.apache.catalina.core.StandardEngine    : Starting Servlet engine: [Apache Tomcat/10.1.20]
2026-05-25T22:21:28.458-05:00  INFO 3800 --- [Mundial2026] [main] o.a.c.c.C.[Tomcat].[localhost].[/]       : Initializing Spring embedded WebApplicationContext
2026-05-25T22:21:28.459-05:00  INFO 3800 --- [Mundial2026] [main] w.s.c.ServletWebServerApplicationContext : Root WebApplicationContext: initialization completed in 2827 ms
2026-05-25T22:21:28.651-05:00  INFO 3800 --- [Mundial2026] [main] com.zaxxer.hikari.HikariDataSource       : HikariPool-1 - Starting...
2026-05-25T22:21:28.922-05:00  INFO 3800 --- [Mundial2026] [main] com.zaxxer.hikari.pool.HikariPool        : HikariPool-1 - Added connection org.postgresql.jdbc.PgConnection@1510b9a2
2026-05-25T22:21:28.927-05:00  INFO 3800 --- [Mundial2026] [main] com.zaxxer.hikari.HikariDataSource       : HikariPool-1 - Start completed.
2026-05-25T22:21:29.072-05:00  INFO 3800 --- [Mundial2026] [main] o.f.c.internal.license.VersionPrinter    : Flyway Community Edition 9.22.3 by Redgate
2026-05-25T22:21:29.072-05:00  INFO 3800 --- [Mundial2026] [main] o.f.c.internal.license.VersionPrinter    : See release notes here: https://rd.gt/416ObMi
2026-05-25T22:21:29.072-05:00  INFO 3800 --- [Mundial2026] [main] o.f.c.internal.license.VersionPrinter    : 
2026-05-25T22:21:29.106-05:00  INFO 3800 --- [Mundial2026] [main] org.flywaydb.core.FlywayExecutor         : Database: jdbc:postgresql://localhost:5432/mundialhub (PostgreSQL 18.3)
2026-05-25T22:21:29.118-05:00  WARN 3800 --- [Mundial2026] [main] o.f.c.internal.database.base.Database    : Flyway upgrade recommended: PostgreSQL 18.3 is newer than this version of Flyway and support has not been tested. The latest supported version of PostgreSQL is 15.
2026-05-25T22:21:29.191-05:00  INFO 3800 --- [Mundial2026] [main] o.f.core.internal.command.DbValidate     : Successfully validated 1 migration (execution time 00:00.054s)
2026-05-25T22:21:29.206-05:00  INFO 3800 --- [Mundial2026] [main] o.f.core.internal.command.DbMigrate      : Current version of schema "public": 1
2026-05-25T22:21:29.207-05:00  WARN 3800 --- [Mundial2026] [main] o.f.core.internal.command.DbMigrate      : outOfOrder mode is active. Migration of schema "public" may not be reproducible.
2026-05-25T22:21:29.211-05:00  INFO 3800 --- [Mundial2026] [main] o.f.core.internal.command.DbMigrate      : Schema "public" is up to date. No migration necessary.
2026-05-25T22:21:29.361-05:00  INFO 3800 --- [Mundial2026] [main] o.hibernate.jpa.internal.util.LogHelper  : HHH000204: Processing PersistenceUnitInfo [name: default]
2026-05-25T22:21:29.509-05:00  INFO 3800 --- [Mundial2026] [main] org.hibernate.Version                    : HHH000412: Hibernate ORM core version 6.4.4.Final
2026-05-25T22:21:29.616-05:00  INFO 3800 --- [Mundial2026] [main] o.h.c.internal.RegionFactoryInitiator    : HHH000026: Second-level cache disabled
2026-05-25T22:21:30.306-05:00  INFO 3800 --- [Mundial2026] [main] o.s.o.j.p.SpringPersistenceUnitInfo      : No LoadTimeWeaver setup: ignoring JPA class transformer
2026-05-25T22:21:32.437-05:00  INFO 3800 --- [Mundial2026] [main] o.h.e.t.j.p.i.JtaPlatformInitiator       : HHH000489: No JTA platform available (set 'hibernate.transaction.jta.platform' to enable JTA platform integration)
2026-05-25T22:21:32.706-05:00  INFO 3800 --- [Mundial2026] [main] j.LocalContainerEntityManagerFactoryBean : Initialized JPA EntityManagerFactory for persistence unit 'default'
2026-05-25T22:21:33.754-05:00  WARN 3800 --- [Mundial2026] [main] JpaBaseConfiguration$JpaWebConfiguration : spring.jpa.open-in-view is enabled by default. Therefore, database queries may be performed during view rendering. Explicitly configure spring.jpa.open-in-view to disable this warning
2026-05-25T22:21:33.938-05:00  INFO 3800 --- [Mundial2026] [main] o.s.b.a.w.s.WelcomePageHandlerMapping    : Adding welcome page: class path resource [static/index.html]
2026-05-25T22:21:34.382-05:00  INFO 3800 --- [Mundial2026] [main] o.s.s.web.DefaultSecurityFilterChain     : Will secure any request with [org.springframework.security.web.session.DisableEncodeUrlFilter@79ef8115, org.springframework.security.web.context.request.async.WebAsyncManagerIntegrationFilter@6db99c79, org.springframework.security.web.context.SecurityContextHolderFilter@73983f07, org.springframework.security.web.header.HeaderWriterFilter@5a438c0a, org.springframework.web.filter.CorsFilter@3bb186b, org.springframework.security.web.authentication.logout.LogoutFilter@313c3cb, org.springframework.security.web.authentication.UsernamePasswordAuthenticationFilter@1d1c5bb5, org.springframework.security.web.savedrequest.RequestCacheAwareFilter@4f876114, org.springframework.security.web.servletapi.SecurityContextHolderAwareRequestFilter@52d625bd, org.springframework.security.web.authentication.AnonymousAuthenticationFilter@8fd3eee, org.springframework.security.web.access.ExceptionTranslationFilter@59d8a968, org.springframework.security.web.access.intercept.AuthorizationFilter@46e32574]
2026-05-25T22:21:35.105-05:00  INFO 3800 --- [Mundial2026] [main] o.s.b.w.embedded.tomcat.TomcatWebServer  : Tomcat started on port 8081 (http) with context path ''
2026-05-25T22:21:35.123-05:00  INFO 3800 --- [Mundial2026] [main] com.mundial.hub.HubApplication           : Started HubApplication in 10.173 seconds (process running for 11.293)
2026-05-25T22:21:35.411-05:00  WARN 3800 --- [Mundial2026] [scheduling-1] com.mundial.hub.service.EntradaService   : Expiración TTL: Ticket ID 2 expirado automáticamente
2026-05-25T22:21:42.129-05:00  INFO 3800 --- [Mundial2026] [http-nio-8081-exec-1] o.a.c.c.C.[Tomcat].[localhost].[/]       : Initializing Spring DispatcherServlet 'dispatcherServlet'
2026-05-25T22:21:42.129-05:00  INFO 3800 --- [Mundial2026] [http-nio-8081-exec-1] o.s.web.servlet.DispatcherServlet        : Initializing Servlet 'dispatcherServlet'
2026-05-25T22:21:42.132-05:00  INFO 3800 --- [Mundial2026] [http-nio-8081-exec-1] o.s.web.servlet.DispatcherServlet        : Completed initialization in 2 ms
2026-05-25T22:53:52.226-05:00  INFO 3800 --- [Mundial2026] [RMI TCP Connection(36)-127.0.0.1] inMXBeanRegistrar$SpringApplicationAdmin : Application shutdown requested.
2026-05-25T22:53:52.261-05:00  INFO 3800 --- [Mundial2026] [RMI TCP Connection(36)-127.0.0.1] j.LocalContainerEntityManagerFactoryBean : Closing JPA EntityManagerFactory for persistence unit 'default'
2026-05-25T22:53:52.268-05:00  INFO 3800 --- [Mundial2026] [RMI TCP Connection(36)-127.0.0.1] com.zaxxer.hikari.HikariDataSource       : HikariPool-1 - Shutdown initiated...
2026-05-25T22:53:52.274-05:00  INFO 3800 --- [Mundial2026] [RMI TCP Connection(36)-127.0.0.1] com.zaxxer.hikari.HikariDataSource       : HikariPool-1 - Shutdown completed.
